<?xml version="1.0" encoding="UTF-8"?>
<!-- Generated by org.testng.reporters.JUnitReportReporter -->
<testsuite hostname="Akshay-LAPTOP" failures="0" tests="6" name="TestClass2.Enable_Test_Case" time="31.135" errors="0" timestamp="2023-08-24T12:01:27 IST" skipped="2">
  <testcase classname="TestClass2.Enable_Test_Case" name="verify_LoginPage2_Url_Test" time="5.963"/>
  <system-out>
    <![CDATA[expected Title is https://www.saucedemo.com/]]>
  </system-out>
  <testcase classname="TestClass2.Enable_Test_Case" name="verify_LoginPage2_Test" time="8.574"/>
  <system-out/>
  <testcase classname="TestClass2.Enable_Test_Case" name="verify_LoginPage2_Test" time="6.726"/>
  <system-out/>
  <testcase classname="TestClass2.Enable_Test_Case" name="verify_LoginPage2_Test" time="9.872"/>
  <system-out/>
  <testcase classname="TestClass2.Enable_Test_Case" name="verify_Both_Url_Test">
    <skipped/>
  </testcase> <!-- verify_Both_Url_Test -->
  <system-out/>
  <testcase classname="TestClass2.Enable_Test_Case" name="verify_LoginPage2_Title_Test">
    <skipped/>
  </testcase> <!-- verify_LoginPage2_Title_Test -->
  <system-out/>
</testsuite> <!-- TestClass2.Enable_Test_Case -->
