<?xml version="1.0" encoding="UTF-8"?>
<!-- Generated by org.testng.reporters.JUnitReportReporter -->
<testsuite hostname="Akshay-LAPTOP" failures="0" tests="4" name="TestClass2.LoginPage2_Test" time="36.728" errors="0" timestamp="2023-08-24T12:20:48 IST" skipped="0">
  <testcase classname="TestClass2.LoginPage2_Test" name="verify_LoginPage2_Test" time="12.205"/>
  <system-out/>
  <testcase classname="TestClass2.LoginPage2_Test" name="verify_LoginPage2_Url_Test" time="7.521"/>
  <system-out>
    <![CDATA[expected Title is https://www.saucedemo.com/]]>
  </system-out>
  <testcase classname="TestClass2.LoginPage2_Test" name="verify_Both_Url_Test" time="7.764"/>
  <system-out>
    <![CDATA[expected Title of loginPageUrl  https://www.saucedemo.com/
expected Title inventPageUrl  https://www.saucedemo.com/inventory.html]]>
  </system-out>
  <testcase classname="TestClass2.LoginPage2_Test" name="verify_LoginPage2_Title_Test" time="9.238"/>
  <system-out>
    <![CDATA[expected Title is Swag Labs]]>
  </system-out>
</testsuite> <!-- TestClass2.LoginPage2_Test -->
