<?xml version="1.0" encoding="UTF-8"?>
<!-- Generated by org.testng.reporters.JUnitReportReporter -->
<testsuite hostname="Akshay-LAPTOP" failures="0" tests="4" name="TestClass2.Dependent_Method" time="47.609" errors="0" timestamp="2023-08-24T12:07:54 IST" skipped="0">
  <testcase classname="TestClass2.Dependent_Method" name="verify_LoginPage2_Test" time="10.689"/>
  <system-out/>
  <testcase classname="TestClass2.Dependent_Method" name="verify_LoginPage2_Url_Test" time="8.146"/>
  <system-out>
    <![CDATA[expected Title is https://www.saucedemo.com/]]>
  </system-out>
  <testcase classname="TestClass2.Dependent_Method" name="verify_LoginPage2_Title_Test" time="19.955"/>
  <system-out>
    <![CDATA[expected Title is Swag Labs]]>
  </system-out>
  <testcase classname="TestClass2.Dependent_Method" name="verify_Both_Url_Test" time="8.819"/>
  <system-out>
    <![CDATA[expected Title of loginPageUrl  https://www.saucedemo.com/
expected Title inventPageUrl  https://www.saucedemo.com/inventory.html]]>
  </system-out>
</testsuite> <!-- TestClass2.Dependent_Method -->
