<?xml version="1.0" encoding="UTF-8"?>
<!-- Generated by org.testng.reporters.JUnitReportReporter -->
<testsuite hostname="Akshay-LAPTOP" failures="0" tests="4" name="TestClass2.LoginPage2_Priority" time="26.751" errors="0" timestamp="2023-08-24T12:20:48 IST" skipped="0">
  <testcase classname="TestClass2.LoginPage2_Priority" name="verify_LoginPage2_Title_Test" time="6.919"/>
  <system-out>
    <![CDATA[expected Title is Swag Labs]]>
  </system-out>
  <testcase classname="TestClass2.LoginPage2_Priority" name="verify_LoginPage2_Url_Test" time="6.008"/>
  <system-out>
    <![CDATA[expected Title is https://www.saucedemo.com/]]>
  </system-out>
  <testcase classname="TestClass2.LoginPage2_Priority" name="verify_LoginPage2_Test" time="6.822"/>
  <system-out/>
  <testcase classname="TestClass2.LoginPage2_Priority" name="verify_Both_Url_Test" time="7.002"/>
  <system-out>
    <![CDATA[expected Title of loginPageUrl  https://www.saucedemo.com/
expected Title inventPageUrl  https://www.saucedemo.com/inventory.html]]>
  </system-out>
</testsuite> <!-- TestClass2.LoginPage2_Priority -->
