<?xml version="1.0" encoding="UTF-8"?>
<!-- Generated by org.testng.reporters.JUnitReportReporter -->
<testsuite hostname="Akshay-LAPTOP" failures="0" tests="4" name="TestClass2.Failed_Test_Case_SS" time="34.684" errors="0" timestamp="2023-08-24T11:34:13 IST" skipped="0">
  <testcase classname="TestClass2.Failed_Test_Case_SS" name="verify_LoginPage2_Url_Test" time="7.719"/>
  <system-out>
    <![CDATA[expected Title is https://www.saucedemo.com/]]>
  </system-out>
  <testcase classname="TestClass2.Failed_Test_Case_SS" name="verify_LoginPage2_Test" time="6.388"/>
  <system-out/>
  <testcase classname="TestClass2.Failed_Test_Case_SS" name="verify_Both_Url_Test" time="8.123"/>
  <system-out>
    <![CDATA[expected Title of loginPageUrl  https://www.saucedemo.com/
expected Title inventPageUrl  https://www.saucedemo.com/inventory.html]]>
  </system-out>
  <testcase classname="TestClass2.Failed_Test_Case_SS" name="verify_LoginPage2_Title_Test" time="12.454"/>
  <system-out>
    <![CDATA[expected Title is Swag Labs]]>
  </system-out>
</testsuite> <!-- TestClass2.Failed_Test_Case_SS -->
