<?xml version="1.0" encoding="UTF-8"?>
<!-- Generated by org.testng.reporters.JUnitReportReporter -->
<testsuite hostname="Akshay-LAPTOP" failures="0" tests="6" name="TestClass2.Invocation_Count" time="43.831" errors="0" timestamp="2023-08-24T11:57:29 IST" skipped="0">
  <testcase classname="TestClass2.Invocation_Count" name="verify_Both_Url_Test" time="9.575"/>
  <system-out>
    <![CDATA[expected Title of loginPageUrl  https://www.saucedemo.com/
expected Title inventPageUrl  https://www.saucedemo.com/inventory.html]]>
  </system-out>
  <testcase classname="TestClass2.Invocation_Count" name="verify_LoginPage2_Title_Test" time="5.727"/>
  <system-out>
    <![CDATA[expected Title is Swag Labs]]>
  </system-out>
  <testcase classname="TestClass2.Invocation_Count" name="verify_LoginPage2_Url_Test" time="8.165"/>
  <system-out>
    <![CDATA[expected Title is https://www.saucedemo.com/]]>
  </system-out>
  <testcase classname="TestClass2.Invocation_Count" name="verify_LoginPage2_Test" time="6.612"/>
  <system-out/>
  <testcase classname="TestClass2.Invocation_Count" name="verify_LoginPage2_Test" time="6.526"/>
  <system-out/>
  <testcase classname="TestClass2.Invocation_Count" name="verify_LoginPage2_Test" time="7.226"/>
  <system-out/>
</testsuite> <!-- TestClass2.Invocation_Count -->
